Copyright 1986-2020 Xilinx, Inc. All Rights Reserved.
-------------------------------------------------------------------------------------------------------------------------------------------------------------------------
| Tool Version     : Vivado v.2020.1 (win64) Build 2902540 Wed May 27 19:54:49 MDT 2020
| Date             : Sun Dec 29 01:19:18 2024
| Host             : DESKTOP-J0J932B running 64-bit major release  (build 9200)
| Command          : report_power -file hsc_video_wrapper_power_routed.rpt -pb hsc_video_wrapper_power_summary_routed.pb -rpx hsc_video_wrapper_power_routed.rpx
| Design           : hsc_video_wrapper
| Device           : xc7z020clg400-1
| Design State     : routed
| Grade            : commercial
| Process          : typical
| Characterization : Production
-------------------------------------------------------------------------------------------------------------------------------------------------------------------------

Power Report

Table of Contents
-----------------
1. Summary
1.1 On-Chip Components
1.2 Power Supply Summary
1.3 Confidence Level
2. Settings
2.1 Environment
2.2 Clock Constraints
3. Detailed Reports
3.1 By Hierarchy

1. Summary
----------

+--------------------------+--------------+
| Total On-Chip Power (W)  | 2.821        |
| Design Power Budget (W)  | Unspecified* |
| Power Budget Margin (W)  | NA           |
| Dynamic (W)              | 2.630        |
| Device Static (W)        | 0.191        |
| Effective TJA (C/W)      | 11.5         |
| Max Ambient (C)          | 52.5         |
| Junction Temperature (C) | 57.5         |
| Confidence Level         | Low          |
| Setting File             | ---          |
| Simulation Activity File | ---          |
| Design Nets Matched      | NA           |
+--------------------------+--------------+
* Specify Design Power Budget using, set_operating_conditions -design_power_budget <value in Watts>


1.1 On-Chip Components
----------------------

+--------------------------+-----------+----------+-----------+-----------------+
| On-Chip                  | Power (W) | Used     | Available | Utilization (%) |
+--------------------------+-----------+----------+-----------+-----------------+
| Clocks                   |     0.149 |       14 |       --- |             --- |
| Slice Logic              |     0.104 |    76557 |       --- |             --- |
|   LUT as Logic           |     0.088 |    26096 |     53200 |           49.05 |
|   Register               |     0.009 |    39645 |    106400 |           37.26 |
|   CARRY4                 |     0.006 |     1266 |     13300 |            9.52 |
|   F7/F8 Muxes            |    <0.001 |     2927 |     53200 |            5.50 |
|   LUT as Shift Register  |    <0.001 |      491 |     17400 |            2.82 |
|   LUT as Distributed RAM |    <0.001 |       42 |     17400 |            0.24 |
|   Others                 |    <0.001 |     1532 |       --- |             --- |
| Signals                  |     0.224 |    67006 |       --- |             --- |
| Block RAM                |     0.386 |       74 |       140 |           52.86 |
| MMCM                     |     0.194 |        2 |         4 |           50.00 |
| DSPs                     |     0.135 |      142 |       220 |           64.55 |
| I/O                      |     0.175 |       22 |       125 |           17.60 |
| PS7                      |     1.264 |        1 |       --- |             --- |
| Static Power             |     0.191 |          |           |                 |
| Total                    |     2.821 |          |           |                 |
+--------------------------+-----------+----------+-----------+-----------------+


1.2 Power Supply Summary
------------------------

+-----------+-------------+-----------+-------------+------------+-------------+-------------+------------+
| Source    | Voltage (V) | Total (A) | Dynamic (A) | Static (A) | Powerup (A) | Budget (A)  | Margin (A) |
+-----------+-------------+-----------+-------------+------------+-------------+-------------+------------+
| Vccint    |       1.000 |     1.002 |       0.973 |      0.029 |       NA    | Unspecified | NA         |
| Vccaux    |       1.800 |     0.144 |       0.123 |      0.020 |       NA    | Unspecified | NA         |
| Vcco33    |       3.300 |     0.043 |       0.042 |      0.001 |       NA    | Unspecified | NA         |
| Vcco25    |       2.500 |     0.000 |       0.000 |      0.000 |       NA    | Unspecified | NA         |
| Vcco18    |       1.800 |     0.000 |       0.000 |      0.000 |       NA    | Unspecified | NA         |
| Vcco15    |       1.500 |     0.000 |       0.000 |      0.000 |       NA    | Unspecified | NA         |
| Vcco135   |       1.350 |     0.000 |       0.000 |      0.000 |       NA    | Unspecified | NA         |
| Vcco12    |       1.200 |     0.000 |       0.000 |      0.000 |       NA    | Unspecified | NA         |
| Vccaux_io |       1.800 |     0.000 |       0.000 |      0.000 |       NA    | Unspecified | NA         |
| Vccbram   |       1.000 |     0.041 |       0.032 |      0.009 |       NA    | Unspecified | NA         |
| MGTAVcc   |       1.000 |     0.000 |       0.000 |      0.000 |       NA    | Unspecified | NA         |
| MGTAVtt   |       1.200 |     0.000 |       0.000 |      0.000 |       NA    | Unspecified | NA         |
| MGTVccaux |       1.800 |     0.000 |       0.000 |      0.000 |       NA    | Unspecified | NA         |
| Vccpint   |       1.000 |     0.701 |       0.655 |      0.047 |       NA    | Unspecified | NA         |
| Vccpaux   |       1.800 |     0.037 |       0.026 |      0.010 |       NA    | Unspecified | NA         |
| Vccpll    |       1.800 |     0.017 |       0.014 |      0.003 |       NA    | Unspecified | NA         |
| Vcco_ddr  |       1.500 |     0.354 |       0.352 |      0.002 |       NA    | Unspecified | NA         |
| Vcco_mio0 |       1.800 |     0.004 |       0.003 |      0.001 |       NA    | Unspecified | NA         |
| Vcco_mio1 |       1.800 |     0.003 |       0.002 |      0.001 |       NA    | Unspecified | NA         |
| Vccadc    |       1.800 |     0.020 |       0.000 |      0.020 |       NA    | Unspecified | NA         |
+-----------+-------------+-----------+-------------+------------+-------------+-------------+------------+


1.3 Confidence Level
--------------------

+-----------------------------+------------+--------------------------------------------------------+------------------------------------------------------------------------------------------------------------+
| User Input Data             | Confidence | Details                                                | Action                                                                                                     |
+-----------------------------+------------+--------------------------------------------------------+------------------------------------------------------------------------------------------------------------+
| Design implementation state | High       | Design is routed                                       |                                                                                                            |
| Clock nodes activity        | High       | User specified more than 95% of clocks                 |                                                                                                            |
| I/O nodes activity          | Low        | More than 75% of inputs are missing user specification | Provide missing input activity with simulation results or by editing the "By Resource Type -> I/Os" view   |
| Internal nodes activity     | Medium     | User specified less than 25% of internal nodes         | Provide missing internal nodes activity with simulation results or by editing the "By Resource Type" views |
| Device models               | High       | Device models are Production                           |                                                                                                            |
|                             |            |                                                        |                                                                                                            |
| Overall confidence level    | Low        |                                                        |                                                                                                            |
+-----------------------------+------------+--------------------------------------------------------+------------------------------------------------------------------------------------------------------------+


2. Settings
-----------

2.1 Environment
---------------

+-----------------------+------------------------+
| Ambient Temp (C)      | 25.0                   |
| ThetaJA (C/W)         | 11.5                   |
| Airflow (LFM)         | 250                    |
| Heat Sink             | none                   |
| ThetaSA (C/W)         | 0.0                    |
| Board Selection       | medium (10"x10")       |
| # of Board Layers     | 8to11 (8 to 11 Layers) |
| Board Temperature (C) | 25.0                   |
+-----------------------+------------------------+


2.2 Clock Constraints
---------------------

+------------------------+-------------------------------------------------------------------------------------------+-----------------+
| Clock                  | Domain                                                                                    | Constraint (ns) |
+------------------------+-------------------------------------------------------------------------------------------+-----------------+
| CLKFBIN                | hsc_video_i/video/hdmi_in/frontend/dvi2rgb_0/U0/TMDS_ClockingX/CLKFBIN                    |             8.3 |
| CLK_OUT_5x_hdmi_clk    | hsc_video_i/video/hdmi_in/frontend/dvi2rgb_0/U0/TMDS_ClockingX/CLK_OUT_5x_hdmi_clk        |             1.7 |
| I                      | hsc_video_i/video/hdmi_out/frontend/axi_dynclk/U0/Inst_mmcme2_drp/I                       |             2.0 |
| I                      | hsc_video_i/video/hdmi_out/frontend/axi_dynclk/U0/PXL_CLK_5X_O                            |             2.0 |
| axi_dynclk_0_PXL_CLK_O | hsc_video_i/video/hdmi_out/frontend/axi_dynclk/U0/PXL_CLK_O                               |            10.0 |
| clk_fpga_0             | hsc_video_i/ps7_0/inst/FCLK_CLK_unbuffered[0]                                             |            10.0 |
| clk_fpga_1             | hsc_video_i/ps7_0/inst/FCLK_CLK_unbuffered[1]                                             |             7.0 |
| clk_fpga_2             | hsc_video_i/ps7_0/inst/FCLK_CLK_unbuffered[2]                                             |             5.0 |
| hdmi_in_PixelClk       | hsc_video_i/video/hdmi_in/frontend/dvi2rgb_0/U0/TMDS_ClockingX/rMMCM_LckdRisingFlag_reg_0 |             8.3 |
| hdmi_in_clk_p          | hdmi_in_clk_p                                                                             |             8.3 |
| mmcm_fbclk_out         | hsc_video_i/video/hdmi_out/frontend/axi_dynclk/U0/Inst_mmcme2_drp/mmcm_fbclk_out          |            10.0 |
+------------------------+-------------------------------------------------------------------------------------------+-----------------+


3. Detailed Reports
-------------------

3.1 By Hierarchy
----------------

+--------------------------+-----------+
| Name                     | Power (W) |
+--------------------------+-----------+
| hsc_video_wrapper        |     2.630 |
|   IIC_1_scl_iobuf        |     0.005 |
|   IIC_1_sda_iobuf        |     0.005 |
|   hsc_video_i            |     2.621 |
|     ps7_0                |     1.266 |
|       inst               |     1.266 |
|     ps7_0_axi_periph     |     0.014 |
|       m00_couplers       |     0.005 |
|       m01_couplers       |     0.001 |
|       s00_couplers       |     0.002 |
|       xbar               |     0.005 |
|     system_interrupts    |     0.001 |
|       U0                 |     0.001 |
|     video                |     1.340 |
|       axi_interconnect_0 |     0.021 |
|       axi_mem_intercon   |     0.004 |
|       axi_vdma           |     0.024 |
|       hdmi_in            |     0.177 |
|       hdmi_out           |     1.113 |
+--------------------------+-----------+


